<?xml version="1.0" encoding="UTF-8"?>
<coverage generated="1674250343">
  <project timestamp="1674250343">
    <file name="/home/kost/projects/Vaderlab/MicroFramework/Micro/Kernel/KernelBootLoaderDependencyProvider/src/Boot/DependencyProviderBootLoader.php">
      <class name="Micro\Framework\Kernel\Boot\DependencyProviderBootLoader" namespace="global">
        <metrics complexity="4" methods="2" coveredmethods="2" conditionals="0" coveredconditionals="0" statements="10" coveredstatements="10" elements="12" coveredelements="12"/>
      </class>
      <line num="32" type="method" name="__construct" visibility="public" complexity="2" crap="2" count="1"/>
      <line num="34" type="stmt" count="1"/>
      <line num="35" type="stmt" count="1"/>
      <line num="38" type="stmt" count="1"/>
      <line num="40" type="stmt" count="1"/>
      <line num="41" type="stmt" count="1"/>
      <line num="42" type="stmt" count="1"/>
      <line num="43" type="stmt" count="1"/>
      <line num="50" type="method" name="boot" visibility="public" complexity="2" crap="2" count="1"/>
      <line num="52" type="stmt" count="1"/>
      <line num="53" type="stmt" count="1"/>
      <line num="56" type="stmt" count="1"/>
      <metrics loc="59" ncloc="41" classes="1" methods="2" coveredmethods="2" conditionals="0" coveredconditionals="0" statements="10" coveredstatements="10" elements="12" coveredelements="12"/>
    </file>
    <file name="/home/kost/projects/Vaderlab/MicroFramework/Micro/Kernel/KernelBootLoaderDependencyProvider/src/Plugin/DependencyProviderInterface.php">
      <metrics loc="23" ncloc="12" classes="0" methods="0" coveredmethods="0" conditionals="0" coveredconditionals="0" statements="0" coveredstatements="0" elements="0" coveredelements="0"/>
    </file>
    <metrics files="2" loc="82" ncloc="53" classes="1" methods="2" coveredmethods="2" conditionals="0" coveredconditionals="0" statements="10" coveredstatements="10" elements="12" coveredelements="12"/>
  </project>
</coverage>
